<?xml version="1.0" encoding="UTF-8"?>
<!-- Generated by org.testng.reporters.JUnitReportReporter -->
<testsuite hostname="wesjordans-MacBook-Pro.local" name="com.wes.InvalidDateTestNGTest" tests="8" failures="0" timestamp="15 Mar 2016 05:59:35 GMT" time="0.032" errors="0">
  <testcase name="invalidLeapDay" time="0.001" classname="com.wes.InvalidDateTestNGTest"/>
  <testcase name="invalidDay" time="0.002" classname="com.wes.InvalidDateTestNGTest"/>
  <testcase name="invalidMonth" time="0.001" classname="com.wes.InvalidDateTestNGTest"/>
  <testcase name="invalidDayInLeapYear" time="0.001" classname="com.wes.InvalidDateTestNGTest"/>
  <testcase name="alphanumericValue" time="0.023" classname="com.wes.InvalidDateTestNGTest"/>
  <testcase name="onlyDateTokenizers" time="0.002" classname="com.wes.InvalidDateTestNGTest"/>
  <testcase name="invalidYear" time="0.002" classname="com.wes.InvalidDateTestNGTest"/>
  <testcase name="singleDate" time="0.000" classname="com.wes.InvalidDateTestNGTest"/>
</testsuite> <!-- com.wes.InvalidDateTestNGTest -->
