<?xml version="1.0" encoding="UTF-8"?>
<!-- Generated by org.testng.reporters.JUnitReportReporter -->
<testsuite hostname="wesjordans-MacBook-Pro.local" name="com.wes.QADateIntervalTestNGTest" tests="6" failures="0" timestamp="15 Mar 2016 05:59:35 GMT" time="0.001" errors="0">
  <testcase name="sampleTest4" time="0.000" classname="com.wes.QADateIntervalTestNGTest"/>
  <testcase name="sampleTest5" time="0.000" classname="com.wes.QADateIntervalTestNGTest"/>
  <testcase name="sampleTest2" time="0.001" classname="com.wes.QADateIntervalTestNGTest"/>
  <testcase name="sampleTest1" time="0.000" classname="com.wes.QADateIntervalTestNGTest"/>
  <testcase name="sampleTest6" time="0.000" classname="com.wes.QADateIntervalTestNGTest"/>
  <testcase name="sampleTest3" time="0.000" classname="com.wes.QADateIntervalTestNGTest"/>
</testsuite> <!-- com.wes.QADateIntervalTestNGTest -->
